<?xml version="1.0" encoding="UTF-8"?>
<testng-results ignored="0" total="2" passed="2" failed="0" skipped="0">
  <reporter-output>
  </reporter-output>
  <suite started-at="2022-12-03T19:15:45 EET" name="Default suite" finished-at="2022-12-03T19:16:15 EET" duration-ms="30236">
    <groups>
    </groups>
    <test started-at="2022-12-03T19:15:45 EET" name="Default test" finished-at="2022-12-03T19:16:15 EET" duration-ms="30236">
      <class name="discount.PriceDiscountPercentage">
        <test-method is-config="true" signature="BeforeMyTest()[pri:0, instance:discount.PriceDiscountPercentage@7bab3f1a]" started-at="2022-12-03T19:15:45 EET" name="BeforeMyTest" finished-at="2022-12-03T19:16:03 EET" duration-ms="17838" status="PASS">
          <reporter-output>
          </reporter-output>
        </test-method> <!-- BeforeMyTest -->
        <test-method signature="test_DELL_G15()[pri:0, instance:discount.PriceDiscountPercentage@7bab3f1a]" started-at="2022-12-03T19:16:03 EET" name="test_DELL_G15" finished-at="2022-12-03T19:16:12 EET" duration-ms="9150" status="PASS">
          <reporter-output>
          </reporter-output>
        </test-method> <!-- test_DELL_G15 -->
        <test-method signature="test_Discount()[pri:0, instance:discount.PriceDiscountPercentage@7bab3f1a]" started-at="2022-12-03T19:16:12 EET" name="test_Discount" finished-at="2022-12-03T19:16:15 EET" duration-ms="3165" status="PASS">
          <reporter-output>
          </reporter-output>
        </test-method> <!-- test_Discount -->
      </class> <!-- discount.PriceDiscountPercentage -->
    </test> <!-- Default test -->
  </suite> <!-- Default suite -->
</testng-results>
